mode: set
GoAlaric\gen\gen.go:27.31,27.48 1 1
GoAlaric\gen\gen.go:30.34,32.2 1 1
GoAlaric\gen\gen.go:35.41,37.2 1 1
GoAlaric\gen\gen.go:40.35,45.2 1 1
GoAlaric\gen\gen.go:47.44,51.2 2 1
GoAlaric\gen\gen.go:54.42,56.2 1 0
GoAlaric\gen\gen.go:59.44,61.2 1 0
GoAlaric\gen\gen.go:62.50,68.35 2 0
GoAlaric\gen\gen.go:72.2,72.26 1 0
GoAlaric\gen\gen.go:68.35,70.3 1 0
GoAlaric\gen\gen.go:76.49,81.2 1 0
GoAlaric\gen\gen.go:84.30,86.12 2 0
GoAlaric\gen\gen.go:95.2,95.35 1 0
GoAlaric\gen\gen.go:86.12,88.36 2 0
GoAlaric\gen\gen.go:88.36,89.37 1 0
GoAlaric\gen\gen.go:89.37,92.5 2 0
GoAlaric\gen\gen.go:95.35,97.3 0 0
GoAlaric\gen\gen.go:101.44,103.41 1 0
GoAlaric\gen\gen.go:109.2,109.14 1 0
GoAlaric\gen\gen.go:103.41,104.27 1 0
GoAlaric\gen\gen.go:104.27,106.4 1 0
GoAlaric\gen\gen.go:113.56,117.23 2 0
GoAlaric\gen\gen.go:128.2,128.42 1 0
GoAlaric\gen\gen.go:117.23,122.3 2 0
GoAlaric\gen\gen.go:122.3,126.3 2 0
GoAlaric\gen\gen.go:132.48,136.2 3 1
GoAlaric\gen\gen.go:137.54,141.44 2 1
GoAlaric\gen\gen.go:154.2,154.14 1 1
GoAlaric\gen\gen.go:141.44,152.3 4 1
GoAlaric\gen\gen.go:156.48,162.24 3 1
GoAlaric\gen\gen.go:162.24,166.3 3 0
GoAlaric\gen\gen.go:166.3,170.3 3 1
GoAlaric\gen\gen.go:172.57,173.33 1 0
GoAlaric\gen\gen.go:173.33,175.3 1 0
GoAlaric\gen\gen.go:175.3,177.3 1 0
GoAlaric\gen\gen.go:181.55,192.63 6 0
GoAlaric\gen\gen.go:228.2,228.50 1 0
GoAlaric\gen\gen.go:192.63,196.3 3 0
GoAlaric\gen\gen.go:200.2,204.3 2 0
GoAlaric\gen\gen.go:208.2,213.66 3 0
GoAlaric\gen\gen.go:213.66,219.58 3 0
GoAlaric\gen\gen.go:219.58,222.5 2 0
GoAlaric\gen\gen.go:228.50,232.66 2 0
GoAlaric\gen\gen.go:232.66,238.58 3 0
GoAlaric\gen\gen.go:238.58,242.71 2 0
GoAlaric\gen\gen.go:242.71,244.6 1 0
GoAlaric\gen\gen.go:250.59,254.40 2 1
GoAlaric\gen\gen.go:254.40,258.24 2 1
GoAlaric\gen\gen.go:258.24,260.4 1 1
GoAlaric\gen\gen.go:265.80,273.23 3 0
GoAlaric\gen\gen.go:273.23,283.14 5 0
GoAlaric\gen\gen.go:283.14,287.4 3 0
GoAlaric\gen\gen.go:292.57,299.2 4 1
GoAlaric\gen\gen.go:302.72,303.48 1 0
GoAlaric\gen\gen.go:303.48,304.93 1 0
GoAlaric\gen\gen.go:304.93,307.4 2 0
GoAlaric\gen\gen.go:310.70,313.49 1 1
GoAlaric\gen\gen.go:313.49,315.56 1 1
GoAlaric\gen\gen.go:315.56,320.4 2 1
GoAlaric\gen\gen.go:325.69,329.75 2 1
GoAlaric\gen\gen.go:329.75,335.3 2 1
GoAlaric\gen\gen.go:339.74,343.50 1 0
GoAlaric\gen\gen.go:343.50,344.56 1 0
GoAlaric\gen\gen.go:344.56,347.4 2 0
GoAlaric\gen\gen.go:350.73,354.49 1 1
GoAlaric\gen\gen.go:354.49,356.56 1 1
GoAlaric\gen\gen.go:356.56,360.82 2 1
GoAlaric\gen\gen.go:360.82,364.37 2 1
GoAlaric\gen\gen.go:364.37,366.6 1 1
GoAlaric\gen\gen.go:373.57,375.28 1 1
GoAlaric\gen\gen.go:375.28,376.28 1 1
GoAlaric\gen\gen.go:376.28,379.4 2 1
GoAlaric\gen\gen.go:384.65,387.23 2 1
GoAlaric\gen\gen.go:387.23,388.80 1 1
GoAlaric\gen\gen.go:388.80,394.4 3 1
GoAlaric\gen\gen.go:396.3,397.80 1 0
GoAlaric\gen\gen.go:397.80,403.4 3 0
GoAlaric\gen\gen.go:407.64,410.2 1 1
GoAlaric\gen\gen.go:411.59,418.28 3 1
GoAlaric\gen\gen.go:418.28,423.3 4 1
GoAlaric\gen\gen.go:423.3,425.3 1 1
GoAlaric\gen\gen.go:427.58,431.23 2 1
GoAlaric\gen\gen.go:431.23,435.40 2 1
GoAlaric\gen\gen.go:435.40,438.4 2 1
GoAlaric\gen\gen.go:443.59,447.2 3 1
GoAlaric\gen\gen.go:448.70,453.23 3 1
GoAlaric\gen\gen.go:453.23,455.96 1 1
GoAlaric\gen\gen.go:463.3,463.95 1 1
GoAlaric\gen\gen.go:455.96,461.4 3 1
GoAlaric\gen\gen.go:463.95,469.4 3 1
GoAlaric\gen\gen.go:471.3,472.81 1 0
GoAlaric\gen\gen.go:480.3,480.95 1 0
GoAlaric\gen\gen.go:472.81,478.4 3 0
GoAlaric\gen\gen.go:480.95,486.4 3 0
GoAlaric\gen\gen.go:489.72,494.23 3 1
GoAlaric\gen\gen.go:494.23,496.55 1 1
GoAlaric\gen\gen.go:502.3,502.55 1 1
GoAlaric\gen\gen.go:496.55,500.4 3 1
GoAlaric\gen\gen.go:502.55,506.4 3 1
GoAlaric\gen\gen.go:508.3,510.55 1 0
GoAlaric\gen\gen.go:516.3,516.55 1 0
GoAlaric\gen\gen.go:510.55,514.4 3 0
GoAlaric\gen\gen.go:516.55,520.4 3 0
GoAlaric\gen\gen.go:525.46,536.2 5 1
GoAlaric\gen\gen.go:539.44,550.55 5 0
GoAlaric\gen\gen.go:554.2,554.33 1 0
GoAlaric\gen\gen.go:558.2,558.22 1 0
GoAlaric\gen\gen.go:570.2,570.41 1 0
GoAlaric\gen\gen.go:550.55,552.3 1 0
GoAlaric\gen\gen.go:554.33,556.3 1 0
GoAlaric\gen\gen.go:558.22,562.46 2 0
GoAlaric\gen\gen.go:567.3,567.15 1 0
GoAlaric\gen\gen.go:562.46,564.4 1 0
GoAlaric\gen\gen.go:564.4,564.69 1 0
GoAlaric\gen\gen.go:564.69,566.4 1 0
GoAlaric\gen\gen.go:580.34,582.39 2 0
GoAlaric\gen\gen.go:587.2,587.15 1 0
GoAlaric\gen\gen.go:582.39,586.3 3 0
